<?xml version="1.0" encoding="UTF-8"?>
<testsuite name="com.wondoo.common.WondooResponseTest$IsSuccess" tests="2" skipped="0" failures="0" errors="0" timestamp="2024-02-03T15:10:05" hostname="MacSter.local" time="0.013">
  <properties/>
  <testcase name="returnFalseTest()" classname="com.wondoo.common.WondooResponseTest$IsSuccess" time="0.003"/>
  <testcase name="returnTrueTest()" classname="com.wondoo.common.WondooResponseTest$IsSuccess" time="0.007"/>
  <system-out><![CDATA[]]></system-out>
  <system-err><![CDATA[]]></system-err>
</testsuite>
